<?xml version="1.0" encoding="UTF-8"?>
<!-- Generated by org.testng.reporters.JUnitReportReporter -->
<testsuite hostname="Yadav" failures="0" tests="1" name="testCases.TC_001AccountRegistrationTest" time="3.824" errors="0" timestamp="2024-10-25T18:36:58 IST" skipped="0">
  <testcase classname="testCases.TC_001AccountRegistrationTest" name="verify_accountRegistration" time="3.824"/>
</testsuite> <!-- testCases.TC_001AccountRegistrationTest -->
