<?xml version="1.0" encoding="UTF-8"?>
<!-- Generated by org.testng.reporters.JUnitReportReporter -->
<testsuite hostname="Yadav" failures="0" tests="1" name="testCases.TC002_LoginPageTest" time="1.775" errors="0" timestamp="2024-10-26T08:57:00 IST" skipped="0">
  <testcase classname="testCases.TC002_LoginPageTest" name="verifyLogin" time="1.775"/>
</testsuite> <!-- testCases.TC002_LoginPageTest -->
